<?xml version="1.0" encoding="UTF-8"?>
<!-- Generated by org.testng.reporters.JUnitReportReporter -->
<testsuite skipped="0" hostname="JyotiSingh" name="testCases.ExecuteCases" tests="1" failures="0" timestamp="04 Nov 2019 13:21:58 GMT" time="24.806" errors="0">
  <testcase name="userRegisterationWithInvalidDetails" time="24.806" classname="testCases.ExecuteCases"/>
</testsuite> <!-- testCases.ExecuteCases -->
