<?xml version="1.0" encoding="UTF-8"?>
<!-- Generated by org.testng.reporters.JUnitReportReporter -->
<testsuite skipped="0" hostname="JyotiSingh" name="testCases.ExecuteCases" tests="1" failures="0" timestamp="07 Nov 2019 06:57:33 GMT" time="23.459" errors="0">
  <testcase name="UserRegistrationWithInvalidDetails" time="23.459" classname="testCases.ExecuteCases"/>
</testsuite> <!-- testCases.ExecuteCases -->
